2024-04-30 13:29:00.063 - server.js:14 - Server process started
2024-04-30 13:29:00.072 - server.js:16 - Server process listening
2024-04-30 13:29:12.496 - server.js:14 - Server process started
2024-04-30 13:29:12.500 - server.js:16 - Server process listening
2024-04-30 13:29:31.358 - server.js:14 - Server process started
2024-04-30 13:29:31.363 - server.js:16 - Server process listening
2024-04-30 13:31:35.786 - server.js:14 - Server process started
2024-04-30 13:31:35.793 - server.js:20 - Error: listen EADDRINUSE: address already in use :::49737
    at Server.setupListenHandle [as _listen2] (node:net:1872:16)
    at listenInCluster (node:net:1920:12)
    at Server.listen (node:net:2008:7)
    at file:///D:/dev/router-vis/src/cli/listen.js:34:12
    at new Promise (<anonymous>)
    at listen (file:///D:/dev/router-vis/src/cli/listen.js:8:10)
    at init (file:///D:/dev/router-vis/src/server.js:15:9)
    at file:///D:/dev/router-vis/src/server.js:20:1
    at ModuleJob.run (node:internal/modules/esm/module_job:218:25)
    at async ModuleLoader.import (node:internal/modules/esm/loader:329:24)
2024-04-30 13:31:37.182 - server.js:14 - Server process started
2024-04-30 13:31:37.190 - server.js:20 - Error: listen EADDRINUSE: address already in use :::49737
    at Server.setupListenHandle [as _listen2] (node:net:1872:16)
    at listenInCluster (node:net:1920:12)
    at Server.listen (node:net:2008:7)
    at file:///D:/dev/router-vis/src/cli/listen.js:34:12
    at new Promise (<anonymous>)
    at listen (file:///D:/dev/router-vis/src/cli/listen.js:8:10)
    at init (file:///D:/dev/router-vis/src/server.js:15:9)
    at file:///D:/dev/router-vis/src/server.js:20:1
    at ModuleJob.run (node:internal/modules/esm/module_job:218:25)
    at async ModuleLoader.import (node:internal/modules/esm/loader:329:24)
2024-04-30 13:31:37.682 - server.js:14 - Server process started
2024-04-30 13:31:37.689 - server.js:20 - Error: listen EADDRINUSE: address already in use :::49737
    at Server.setupListenHandle [as _listen2] (node:net:1872:16)
    at listenInCluster (node:net:1920:12)
    at Server.listen (node:net:2008:7)
    at file:///D:/dev/router-vis/src/cli/listen.js:34:12
    at new Promise (<anonymous>)
    at listen (file:///D:/dev/router-vis/src/cli/listen.js:8:10)
    at init (file:///D:/dev/router-vis/src/server.js:15:9)
    at file:///D:/dev/router-vis/src/server.js:20:1
    at ModuleJob.run (node:internal/modules/esm/module_job:218:25)
    at async ModuleLoader.import (node:internal/modules/esm/loader:329:24)
2024-04-30 13:31:39.150 - server.js:14 - Server process started
2024-04-30 13:31:39.157 - server.js:20 - Error: listen EADDRINUSE: address already in use :::49737
    at Server.setupListenHandle [as _listen2] (node:net:1872:16)
    at listenInCluster (node:net:1920:12)
    at Server.listen (node:net:2008:7)
    at file:///D:/dev/router-vis/src/cli/listen.js:34:12
    at new Promise (<anonymous>)
    at listen (file:///D:/dev/router-vis/src/cli/listen.js:8:10)
    at init (file:///D:/dev/router-vis/src/server.js:15:9)
    at file:///D:/dev/router-vis/src/server.js:20:1
    at ModuleJob.run (node:internal/modules/esm/module_job:218:25)
    at async ModuleLoader.import (node:internal/modules/esm/loader:329:24)
2024-04-30 13:31:39.687 - server.js:14 - Server process started
2024-04-30 13:31:39.694 - server.js:20 - Error: listen EADDRINUSE: address already in use :::49737
    at Server.setupListenHandle [as _listen2] (node:net:1872:16)
    at listenInCluster (node:net:1920:12)
    at Server.listen (node:net:2008:7)
    at file:///D:/dev/router-vis/src/cli/listen.js:34:12
    at new Promise (<anonymous>)
    at listen (file:///D:/dev/router-vis/src/cli/listen.js:8:10)
    at init (file:///D:/dev/router-vis/src/server.js:15:9)
    at file:///D:/dev/router-vis/src/server.js:20:1
    at ModuleJob.run (node:internal/modules/esm/module_job:218:25)
    at async ModuleLoader.import (node:internal/modules/esm/loader:329:24)
2024-04-30 13:31:40.350 - server.js:14 - Server process started
2024-04-30 13:31:40.357 - server.js:20 - Error: listen EADDRINUSE: address already in use :::49737
    at Server.setupListenHandle [as _listen2] (node:net:1872:16)
    at listenInCluster (node:net:1920:12)
    at Server.listen (node:net:2008:7)
    at file:///D:/dev/router-vis/src/cli/listen.js:34:12
    at new Promise (<anonymous>)
    at listen (file:///D:/dev/router-vis/src/cli/listen.js:8:10)
    at init (file:///D:/dev/router-vis/src/server.js:15:9)
    at file:///D:/dev/router-vis/src/server.js:20:1
    at ModuleJob.run (node:internal/modules/esm/module_job:218:25)
    at async ModuleLoader.import (node:internal/modules/esm/loader:329:24)
